----------------------------
Usage is ./runNavServer.sh [-p|--proxy] [-m:propertiesfile|--mux:propertiesfile] [--no-date] [--sun-flower] --delta-t:[value]
     -p or --proxy means with a proxy (proxy definition in the script ./runNavServer.sh)
     -m or --mux points to the properties file to use for the Multiplexer, default is nmea.mux.properties
     -sf or --sun-flower means with Sun Flower option (extra Request Manager)
     --no-date does not put any GPS date or time (replayed or live) in the cache (allows you to use a ZDA generator)
     --no-rmc-time will NOT set rmc time (only date & time). Usefull when replaying data
----------------------------
⚓ Starting the Navigation Rest Server 🌴
----------------------------------------
Args are --mux:nmea.mux.no.gps.yaml --no-date --http-port:9999
----------------------------------------
Managing prm --mux:nmea.mux.no.gps.yaml
Detected properties file nmea.mux.no.gps.yaml
Managing prm --no-date
Managing prm --http-port:9999
Using default DeltaT
>>> Warning: Bumping Max Memory to 1Gb
Using properties: -Djava.util.logging.config.file=logging.properties -Drmc.decl.only=true -Djava.library.path=/Library/Java/Extensions -DdeltaT=AUTO -Dmux.infra.verbose=true -Dtide.verbose=false -Dastro.verbose=E -Dimage.verbose=false -Dgrib.verbose=false -Dais.cache.verbose=false -Dais.verbose=false -Drest.verbose=false -Drest.feeder.verbose=true -Dwith.sun.flower=false -Dmux.properties=nmea.mux.no.gps.yaml -Ddo.not.use.GGA.date.time=true -Ddo.not.use.GLL.date.time=true -Ddefault.mux.latitude=47.661667 -Ddefault.mux.longitude=-2.758167 -Dpolar.file.location=./sample.data/polars/CheoyLee42.polar-coeff -Dcalculate.solar.with.eot=true -Drmc.verbose=false -Dzda.verbose=false -Xms64M -Xmx1G
Running on Mac
Running java -cp ../build/libs/RESTNavServer-1.0-all.jar:./libs/RXTXcomm.jar  -Djava.util.logging.config.file=logging.properties -Drmc.decl.only=true -Djava.library.path=/Library/Java/Extensions -DdeltaT=AUTO -Dmux.infra.verbose=true -Dtide.verbose=false -Dastro.verbose=E -Dimage.verbose=false -Dgrib.verbose=false -Dais.cache.verbose=false -Dais.verbose=false -Drest.verbose=false -Drest.feeder.verbose=true -Dwith.sun.flower=false -Dmux.properties=nmea.mux.no.gps.yaml -Ddo.not.use.GGA.date.time=true -Ddo.not.use.GLL.date.time=true -Ddefault.mux.latitude=47.661667 -Ddefault.mux.longitude=-2.758167 -Dpolar.file.location=./sample.data/polars/CheoyLee42.polar-coeff -Dcalculate.solar.with.eot=true -Drmc.verbose=false -Dzda.verbose=false -Xms64M -Xmx1G -Djava.library.path=/Library/Java/Extensions -Dhttp.port=9999 navrest.NavServer
Will use HTTP Port 9999 (from -Dhttp.port)
From navrest.NavServer, running on port 9999
Starting new http.HTTPServer (verbose false)
	>> 1,657,137,787,180 - Starting HTTP server
1,657,137,787,180 - Port open: 9999
	>> 1,657,137,787,180 - adding AstroRequestManager
1,657,137,787,180 - http.HTTPServer now accepting requests
-------------------------------------
>> Will use DeltaT: 73.022169 (from SysVar AUTO)
-------------------------------------
-------------------------------------
Using Delta-T:73.022169
-------------------------------------
	>> 1,657,137,787,215 - adding TideRequestManager
Definition Name: No GPS, using ZDA
{with.http.server=true, http.port=9999, init.cache=true}
Log available in global, level INFO
Log file pattern rest.nav.%u.log
	>> 1,657,137,788,240 - Constructor nmea.mux.GenericNMEAMultiplexer, Initializing RESTImplementation...
	>> 1,657,137,788,286 - RESTImplementation initialized.
	>> 1,657,137,788,286 - NMEADataClient: Starting nmea.consumers.client.ZDAClient...
	>> 1,657,137,788,287 - nmea.mux.GenericNMEAMultiplexer constructor completed.
	>> 1,657,137,788,287 - adding GenericNMEAMultiplexer
	>> 1,657,137,788,288 - adding ImgRequestManager
	>> 1,657,137,788,292 - adding GRIBRequestManager
	>> 1,657,137,788,295 - End of NavServer constructor
"GET /web/webcomponents/console.gps.html HTTP/1.1" 200 -
"GET /web/webcomponents/css/rocker.css HTTP/1.1" 200 -
"GET /web/webcomponents/css/stylesheet.css HTTP/1.1" 200 -
"GET /web/webcomponents/DirectionDisplay.js HTTP/1.1" 200 -
"GET /web/webcomponents/css/web-components.css HTTP/1.1" 200 -
"GET /web/webcomponents/WindAngleDisplay.js HTTP/1.1" 200 -
"GET /web/webcomponents/AnalogDisplay.js HTTP/1.1" 200 -
"GET /web/webcomponents/AnalogWatch.js HTTP/1.1" 200 -
"GET /web/webcomponents/SatellitePlotter.js HTTP/1.1" 200 -
"GET /web/webcomponents/CalendarDisplay.js HTTP/1.1" 200 -
"GET /web/webcomponents/CompassDisplay.js HTTP/1.1" 200 -
"GET /web/webcomponents/CompassRose.js HTTP/1.1" 200 -
"GET /web/webcomponents/WorldMap.js HTTP/1.1" 200 -
"GET /web/webcomponents/SkyMap.js HTTP/1.1" 200 -
"GET /web/webcomponents/SplitFlapDisplay.js HTTP/1.1" 200 -
"GET /web/webcomponents/GraphDisplay.js HTTP/1.1" 200 -
"GET /web/webcomponents/moonphase.2/MoonPhase.js HTTP/1.1" 200 -
"GET /web/webcomponents/SunPath.js HTTP/1.1" 200 -
"GET /web/webcomponents/ScrollDigit.js HTTP/1.1" 200 -
"GET /web/webcomponents/BoatOverview.js HTTP/1.1" 200 -
"GET /web/webcomponents/JumboDisplay.js HTTP/1.1" 200 -
"GET /web/webcomponents/js/date.proto.js HTTP/1.1" 200 -
"GET /web/webcomponents/js/pub.sub.js HTTP/1.1" 200 -
"GET /web/webcomponents/js/ajax.manager.js HTTP/1.1" 200 -
"GET /web/webcomponents/utilities/NavigationHelper.js HTTP/1.1" 200 -
"GET /web/webcomponents/utilities/Utilities.js HTTP/1.1" 200 -
"GET /web/webcomponents/console.logic.js HTTP/1.1" 200 -
"GET /web/webcomponents/world.map/worldmap.data.js HTTP/1.1" 200 -
"GET /web/webcomponents/stars/constellations.js HTTP/1.1" 200 -
"GET /web/webcomponents/moonphase.2/full-moon.jpg HTTP/1.1" 200 -
"GET /web/webcomponents/css/fonts/ds-digi.ttf HTTP/1.1" 200 -
 <- HTTP: Ctrl+C intercepted.
Shutting down multiplexer nicely.
- Stop reading nmea.consumers.reader.ZDAReader
- Stop writing to nmea.forwarders.TCPServer
Received an exit signal (path)
Killing httpListenerThread (true)
Exit requested.
Bye from HTTP
HTTP Thread, end of run.
On exit -> Exiting
Received an exit signal (path)
On exit (stopRunning) -> Exiting
Done.
HTTPServer Down.
----------------------------
Usage is ./runNavServer.sh [-p|--proxy] [-m:propertiesfile|--mux:propertiesfile] [--no-date] [--sun-flower] --delta-t:[value]
     -p or --proxy means with a proxy (proxy definition in the script ./runNavServer.sh)
     -m or --mux points to the properties file to use for the Multiplexer, default is nmea.mux.properties
     -sf or --sun-flower means with Sun Flower option (extra Request Manager)
     --no-date does not put any GPS date or time (replayed or live) in the cache (allows you to use a ZDA generator)
     --no-rmc-time will NOT set rmc time (only date & time). Usefull when replaying data
----------------------------
⚓ Starting the Navigation Rest Server 🌴
----------------------------------------
Args are --mux:nmea.mux.no.gps.yaml --no-date --http-port:9999
----------------------------------------
Managing prm --mux:nmea.mux.no.gps.yaml
Detected properties file nmea.mux.no.gps.yaml
Managing prm --no-date
Managing prm --http-port:9999
Using default DeltaT
>>> Warning: Bumping Max Memory to 1Gb
Using properties: -Djava.util.logging.config.file=logging.properties -Drmc.decl.only=true -Djava.library.path=/Library/Java/Extensions -DdeltaT=AUTO -Dmux.infra.verbose=true -Dtide.verbose=false -Dastro.verbose=E -Dimage.verbose=false -Dgrib.verbose=false -Dais.cache.verbose=false -Dais.verbose=false -Drest.verbose=false -Drest.feeder.verbose=true -Dwith.sun.flower=false -Dmux.properties=nmea.mux.no.gps.yaml -Ddo.not.use.GGA.date.time=true -Ddo.not.use.GLL.date.time=true -Ddefault.mux.latitude=47.677667 -Ddefault.mux.longitude=-3.135667 -Dpolar.file.location=./sample.data/polars/CheoyLee42.polar-coeff -Dcalculate.solar.with.eot=true -Drmc.verbose=false -Dzda.verbose=false -Xms64M -Xmx1G
Running on Mac
Running java -cp ../build/libs/RESTNavServer-1.0-all.jar:./libs/RXTXcomm.jar  -Djava.util.logging.config.file=logging.properties -Drmc.decl.only=true -Djava.library.path=/Library/Java/Extensions -DdeltaT=AUTO -Dmux.infra.verbose=true -Dtide.verbose=false -Dastro.verbose=E -Dimage.verbose=false -Dgrib.verbose=false -Dais.cache.verbose=false -Dais.verbose=false -Drest.verbose=false -Drest.feeder.verbose=true -Dwith.sun.flower=false -Dmux.properties=nmea.mux.no.gps.yaml -Ddo.not.use.GGA.date.time=true -Ddo.not.use.GLL.date.time=true -Ddefault.mux.latitude=47.677667 -Ddefault.mux.longitude=-3.135667 -Dpolar.file.location=./sample.data/polars/CheoyLee42.polar-coeff -Dcalculate.solar.with.eot=true -Drmc.verbose=false -Dzda.verbose=false -Xms64M -Xmx1G -Djava.library.path=/Library/Java/Extensions -Dhttp.port=9999 navrest.NavServer
Will use HTTP Port 9999 (from -Dhttp.port)
From navrest.NavServer, running on port 9999
Starting new http.HTTPServer (verbose false)
	>> 1,665,561,320,249 - Starting HTTP server
1,665,561,320,249 - Port open: 9999
	>> 1,665,561,320,250 - adding AstroRequestManager
1,665,561,320,250 - http.HTTPServer now accepting requests
-------------------------------------
>> Will use DeltaT: 73.166054 (from SysVar AUTO)
-------------------------------------
-------------------------------------
Using Delta-T:73.166054
-------------------------------------
	>> 1,665,561,320,292 - adding TideRequestManager
Definition Name: No GPS, using ZDA
{with.http.server=true, http.port=9999, init.cache=true}
Log available in global, level INFO
Log file pattern rest.nav.%u.log
	>> 1,665,561,321,485 - Constructor nmea.mux.GenericNMEAMultiplexer, Initializing RESTImplementation...
	>> 1,665,561,321,531 - RESTImplementation initialized.
	>> 1,665,561,321,532 - NMEADataClient: Starting nmea.consumers.client.ZDAClient...
	>> 1,665,561,321,533 - nmea.mux.GenericNMEAMultiplexer constructor completed.
	>> 1,665,561,321,533 - adding GenericNMEAMultiplexer
	>> 1,665,561,321,534 - adding ImgRequestManager
	>> 1,665,561,321,539 - adding GRIBRequestManager
	>> 1,665,561,321,543 - End of NavServer constructor
 <- HTTP: Ctrl+C intercepted.
Shutting down multiplexer nicely.
- Stop reading nmea.consumers.reader.ZDAReader
- Stop writing to nmea.forwarders.TCPServer
Received an exit signal (path)
Killing httpListenerThread (true)
On exit -> Exiting
Exit requested.
Bye from HTTP
HTTP Thread, end of run.
Received an exit signal (path)
On exit (stopRunning) -> Exiting
Done.
HTTPServer Down.
